<?xml version="1.0" encoding="UTF-8"?>
<robot generator="Robot 5.0 (Python 3.10.6 on win32)" generated="20220913 21:57:06.398" rpa="false" schemaversion="3">
<suite id="s1" name="Flipkart1" source="C:\Users\Admin\Desktop\flipkart-robot\Tests\flipkart1.robot">
<test id="s1-t1" name="Flipkart-asssignment" line="7">
<kw name=" Open Flipkart" library="Keywords">
<kw name="Open Browser" library="SeleniumLibrary">
<arg>about:blank</arg>
<arg>${browser}</arg>
<doc>Opens a new browser instance to the optional ``url``.</doc>
<msg timestamp="20220913 21:57:06.835" level="INFO">Opening browser 'gc' to base url 'about:blank'.</msg>
<status status="PASS" starttime="20220913 21:57:06.835" endtime="20220913 21:57:08.728"/>
</kw>
<kw name="Maximize Browser Window" library="SeleniumLibrary">
<doc>Maximizes current browser window.</doc>
<status status="PASS" starttime="20220913 21:57:08.729" endtime="20220913 21:57:08.868"/>
</kw>
<kw name="Go To" library="SeleniumLibrary">
<arg>${flipkart_url}</arg>
<doc>Navigates the current browser window to the provided ``url``.</doc>
<msg timestamp="20220913 21:57:08.869" level="INFO">Opening url 'https://www.flipkart.com/'</msg>
<status status="PASS" starttime="20220913 21:57:08.868" endtime="20220913 21:57:12.382"/>
</kw>
<kw name="Set Selenium Implicit Wait" library="SeleniumLibrary">
<arg>5s</arg>
<doc>Sets the implicit wait value used by Selenium.</doc>
<status status="PASS" starttime="20220913 21:57:12.382" endtime="20220913 21:57:12.383"/>
</kw>
<kw name="Press Keys" library="SeleniumLibrary">
<arg>${Login_rejection}</arg>
<arg>ENTER</arg>
<doc>Simulates the user pressing key(s) to an element or on the active browser.</doc>
<msg timestamp="20220913 21:57:12.385" level="INFO">Sending key(s) ('ENTER',) to //*[@class="_2KpZ6l _2doB4z"] element.</msg>
<msg timestamp="20220913 21:57:12.809" level="INFO">Pressing special key ENTER to element.</msg>
<msg timestamp="20220913 21:57:12.809" level="INFO">Releasing special key ENTER.</msg>
<status status="PASS" starttime="20220913 21:57:12.384" endtime="20220913 21:57:12.819"/>
</kw>
<status status="PASS" starttime="20220913 21:57:06.834" endtime="20220913 21:57:12.819"/>
</kw>
<kw name=" Go to ‘Electronics’ tab" library="Keywords">
<kw name="Mouse Over" library="SeleniumLibrary">
<arg>xpath=//*[contains(@alt,"Electronics")]</arg>
<doc>Simulates hovering the mouse over the element ``locator``.</doc>
<msg timestamp="20220913 21:57:12.822" level="INFO">Simulating Mouse Over on element 'xpath=//*[contains(@alt,"Electronics")]'.</msg>
<status status="PASS" starttime="20220913 21:57:12.821" endtime="20220913 21:57:13.138"/>
</kw>
<status status="PASS" starttime="20220913 21:57:12.820" endtime="20220913 21:57:13.142"/>
</kw>
<kw name=" Search for any of your desired Mobile from ‘Mobiles’ section" library="Keywords">
<kw name="Get Element Count" library="SeleniumLibrary">
<var>${counting}</var>
<arg>${electronic_first_section}</arg>
<doc>Returns the number of elements matching ``locator``.</doc>
<msg timestamp="20220913 21:57:13.192" level="INFO">${counting} = 14</msg>
<status status="PASS" starttime="20220913 21:57:13.150" endtime="20220913 21:57:13.192"/>
</kw>
<kw name="Log To Console" library="BuiltIn">
<arg>${counting}</arg>
<doc>Logs the given message to the console.</doc>
<status status="PASS" starttime="20220913 21:57:13.192" endtime="20220913 21:57:13.193"/>
</kw>
<status status="PASS" starttime="20220913 21:57:13.148" endtime="20220913 21:57:13.193"/>
</kw>
<kw name=" I.e, Try scrolling and search for the mobile and go to that specific mobile’s details page" library="Keywords">
<for flavor="IN RANGE">
<var>${i}</var>
<value>1</value>
<value>${counting}</value>
<msg timestamp="20220913 21:57:13.195" level="FAIL">Variable '${counting}' not found.</msg>
<status status="FAIL" starttime="20220913 21:57:13.194" endtime="20220913 21:57:13.195"/>
</for>
<status status="FAIL" starttime="20220913 21:57:13.194" endtime="20220913 21:57:13.196"/>
</kw>
<status status="FAIL" starttime="20220913 21:57:06.833" endtime="20220913 21:57:13.197">Variable '${counting}' not found.</status>
</test>
<status status="FAIL" starttime="20220913 21:57:06.401" endtime="20220913 21:57:13.199"/>
</suite>
<statistics>
<total>
<stat pass="0" fail="1" skip="0">All Tests</stat>
</total>
<tag>
</tag>
<suite>
<stat pass="0" fail="1" skip="0" id="s1" name="Flipkart1">Flipkart1</stat>
</suite>
</statistics>
<errors>
</errors>
</robot>
