<?xml version="1.0" encoding="UTF-8"?>
<robot generator="Robot 5.0 (Python 3.10.6 on win32)" generated="20220914 19:01:35.044" rpa="false" schemaversion="3">
<suite id="s1" name="Flipkart1" source="C:\Users\Admin\Desktop\flipkart-robot\Tests\flipkart1.robot">
<test id="s1-t1" name="Flipkart-asssignment" line="7">
<kw name=" Open Flipkart" library="Keywords">
<kw name="Open Browser" library="SeleniumLibrary">
<arg>about:blank</arg>
<arg>${browser}</arg>
<doc>Opens a new browser instance to the optional ``url``.</doc>
<msg timestamp="20220914 19:01:35.696" level="INFO">Opening browser 'gc' to base url 'about:blank'.</msg>
<status status="PASS" starttime="20220914 19:01:35.695" endtime="20220914 19:01:37.309"/>
</kw>
<kw name="Maximize Browser Window" library="SeleniumLibrary">
<doc>Maximizes current browser window.</doc>
<status status="PASS" starttime="20220914 19:01:37.309" endtime="20220914 19:01:37.444"/>
</kw>
<kw name="Go To" library="SeleniumLibrary">
<arg>${flipkart_url}</arg>
<doc>Navigates the current browser window to the provided ``url``.</doc>
<msg timestamp="20220914 19:01:37.444" level="INFO">Opening url 'https://www.flipkart.com/'</msg>
<status status="PASS" starttime="20220914 19:01:37.444" endtime="20220914 19:02:44.205"/>
</kw>
<kw name="Set Selenium Implicit Wait" library="SeleniumLibrary">
<arg>5s</arg>
<doc>Sets the implicit wait value used by Selenium.</doc>
<status status="PASS" starttime="20220914 19:02:44.205" endtime="20220914 19:02:44.209"/>
</kw>
<kw name="Press Keys" library="SeleniumLibrary">
<arg>${Login_rejection}</arg>
<arg>ENTER</arg>
<doc>Simulates the user pressing key(s) to an element or on the active browser.</doc>
<msg timestamp="20220914 19:02:44.211" level="INFO">Sending key(s) ('ENTER',) to //*[@class="_2KpZ6l _2doB4z"] element.</msg>
<msg timestamp="20220914 19:02:44.570" level="INFO">Pressing special key ENTER to element.</msg>
<msg timestamp="20220914 19:02:44.570" level="INFO">Releasing special key ENTER.</msg>
<status status="PASS" starttime="20220914 19:02:44.209" endtime="20220914 19:02:44.580"/>
</kw>
<status status="PASS" starttime="20220914 19:01:35.694" endtime="20220914 19:02:44.581"/>
</kw>
<kw name=" Go to ‘Electronics’ tab" library="Keywords">
<kw name="Mouse Over" library="SeleniumLibrary">
<arg>xpath=//*[contains(@alt,"Electronics")]</arg>
<doc>Simulates hovering the mouse over the element ``locator``.</doc>
<msg timestamp="20220914 19:02:44.583" level="INFO">Simulating Mouse Over on element 'xpath=//*[contains(@alt,"Electronics")]'.</msg>
<status status="PASS" starttime="20220914 19:02:44.582" endtime="20220914 19:02:44.899"/>
</kw>
<status status="PASS" starttime="20220914 19:02:44.582" endtime="20220914 19:02:44.899"/>
</kw>
<kw name=" Search for any of your desired Mobile from ‘Mobiles’ section" library="Keywords">
<kw name="Get Element Count" library="SeleniumLibrary">
<var>${counting}</var>
<arg>xpath=//*[@class="_3XS_gI _7qr1OC"]/a</arg>
<doc>Returns the number of elements matching ``locator``.</doc>
<msg timestamp="20220914 19:02:44.920" level="INFO">${counting} = 14</msg>
<status status="PASS" starttime="20220914 19:02:44.900" endtime="20220914 19:02:44.920"/>
</kw>
<kw name="Log To Console" library="BuiltIn">
<arg>${counting}</arg>
<doc>Logs the given message to the console.</doc>
<status status="PASS" starttime="20220914 19:02:44.920" endtime="20220914 19:02:44.921"/>
</kw>
<kw name="Set Selenium Implicit Wait" library="SeleniumLibrary">
<arg>10s</arg>
<doc>Sets the implicit wait value used by Selenium.</doc>
<status status="PASS" starttime="20220914 19:02:44.921" endtime="20220914 19:02:44.924"/>
</kw>
<for flavor="IN RANGE">
<var>${i}</var>
<value>1</value>
<value>${counting}</value>
<iter>
<var name="${i}">1</var>
<kw name="Get Text" library="SeleniumLibrary">
<var>${list_names}</var>
<arg>xpath=//*[@class="_3XS_gI _7qr1OC"]/a[${i}]</arg>
<doc>Returns the text value of the element identified by ``locator``.</doc>
<msg timestamp="20220914 19:02:44.971" level="INFO">${list_names} = Audio</msg>
<status status="PASS" starttime="20220914 19:02:44.925" endtime="20220914 19:02:44.971"/>
</kw>
<kw name="Scroll Element Into View" library="SeleniumLibrary">
<arg>xpath=//*[@class="_3XS_gI _7qr1OC"]/a[14]</arg>
<doc>Scrolls the element identified by ``locator`` into view.</doc>
<status status="PASS" starttime="20220914 19:02:44.971" endtime="20220914 19:02:45.264"/>
</kw>
<kw name="Log To Console" library="BuiltIn">
<arg>${list_names}</arg>
<doc>Logs the given message to the console.</doc>
<status status="PASS" starttime="20220914 19:02:45.264" endtime="20220914 19:02:45.265"/>
</kw>
<kw name="Exit For Loop If" library="BuiltIn">
<arg>"${list_names}" == "${tablet1}"</arg>
<doc>Stops executing the enclosing FOR loop if the ``condition`` is true.</doc>
<status status="PASS" starttime="20220914 19:02:45.266" endtime="20220914 19:02:45.267"/>
</kw>
<status status="PASS" starttime="20220914 19:02:44.925" endtime="20220914 19:02:45.267"/>
</iter>
<iter>
<var name="${i}">2</var>
<kw name="Get Text" library="SeleniumLibrary">
<var>${list_names}</var>
<arg>xpath=//*[@class="_3XS_gI _7qr1OC"]/a[${i}]</arg>
<doc>Returns the text value of the element identified by ``locator``.</doc>
<msg timestamp="20220914 19:02:45.310" level="INFO">${list_names} = Electronics GST Store</msg>
<status status="PASS" starttime="20220914 19:02:45.267" endtime="20220914 19:02:45.311"/>
</kw>
<kw name="Scroll Element Into View" library="SeleniumLibrary">
<arg>xpath=//*[@class="_3XS_gI _7qr1OC"]/a[14]</arg>
<doc>Scrolls the element identified by ``locator`` into view.</doc>
<status status="PASS" starttime="20220914 19:02:45.311" endtime="20220914 19:02:45.594"/>
</kw>
<kw name="Log To Console" library="BuiltIn">
<arg>${list_names}</arg>
<doc>Logs the given message to the console.</doc>
<status status="PASS" starttime="20220914 19:02:45.594" endtime="20220914 19:02:45.594"/>
</kw>
<kw name="Exit For Loop If" library="BuiltIn">
<arg>"${list_names}" == "${tablet1}"</arg>
<doc>Stops executing the enclosing FOR loop if the ``condition`` is true.</doc>
<status status="PASS" starttime="20220914 19:02:45.594" endtime="20220914 19:02:45.594"/>
</kw>
<status status="PASS" starttime="20220914 19:02:45.267" endtime="20220914 19:02:45.594"/>
</iter>
<iter>
<var name="${i}">3</var>
<kw name="Get Text" library="SeleniumLibrary">
<var>${list_names}</var>
<arg>xpath=//*[@class="_3XS_gI _7qr1OC"]/a[${i}]</arg>
<doc>Returns the text value of the element identified by ``locator``.</doc>
<msg timestamp="20220914 19:02:45.654" level="INFO">${list_names} = Cameras &amp; Accessories</msg>
<status status="PASS" starttime="20220914 19:02:45.594" endtime="20220914 19:02:45.654"/>
</kw>
<kw name="Scroll Element Into View" library="SeleniumLibrary">
<arg>xpath=//*[@class="_3XS_gI _7qr1OC"]/a[14]</arg>
<doc>Scrolls the element identified by ``locator`` into view.</doc>
<status status="PASS" starttime="20220914 19:02:45.654" endtime="20220914 19:02:45.938"/>
</kw>
<kw name="Log To Console" library="BuiltIn">
<arg>${list_names}</arg>
<doc>Logs the given message to the console.</doc>
<status status="PASS" starttime="20220914 19:02:45.938" endtime="20220914 19:02:45.939"/>
</kw>
<kw name="Exit For Loop If" library="BuiltIn">
<arg>"${list_names}" == "${tablet1}"</arg>
<doc>Stops executing the enclosing FOR loop if the ``condition`` is true.</doc>
<status status="PASS" starttime="20220914 19:02:45.939" endtime="20220914 19:02:45.940"/>
</kw>
<status status="PASS" starttime="20220914 19:02:45.594" endtime="20220914 19:02:45.940"/>
</iter>
<iter>
<var name="${i}">4</var>
<kw name="Get Text" library="SeleniumLibrary">
<var>${list_names}</var>
<arg>xpath=//*[@class="_3XS_gI _7qr1OC"]/a[${i}]</arg>
<doc>Returns the text value of the element identified by ``locator``.</doc>
<msg timestamp="20220914 19:02:45.975" level="INFO">${list_names} = Computer Peripherals</msg>
<status status="PASS" starttime="20220914 19:02:45.940" endtime="20220914 19:02:45.975"/>
</kw>
<kw name="Scroll Element Into View" library="SeleniumLibrary">
<arg>xpath=//*[@class="_3XS_gI _7qr1OC"]/a[14]</arg>
<doc>Scrolls the element identified by ``locator`` into view.</doc>
<status status="PASS" starttime="20220914 19:02:45.975" endtime="20220914 19:02:46.261"/>
</kw>
<kw name="Log To Console" library="BuiltIn">
<arg>${list_names}</arg>
<doc>Logs the given message to the console.</doc>
<status status="PASS" starttime="20220914 19:02:46.261" endtime="20220914 19:02:46.261"/>
</kw>
<kw name="Exit For Loop If" library="BuiltIn">
<arg>"${list_names}" == "${tablet1}"</arg>
<doc>Stops executing the enclosing FOR loop if the ``condition`` is true.</doc>
<status status="PASS" starttime="20220914 19:02:46.261" endtime="20220914 19:02:46.261"/>
</kw>
<status status="PASS" starttime="20220914 19:02:45.940" endtime="20220914 19:02:46.261"/>
</iter>
<iter>
<var name="${i}">5</var>
<kw name="Get Text" library="SeleniumLibrary">
<var>${list_names}</var>
<arg>xpath=//*[@class="_3XS_gI _7qr1OC"]/a[${i}]</arg>
<doc>Returns the text value of the element identified by ``locator``.</doc>
<msg timestamp="20220914 19:02:46.292" level="INFO">${list_names} = Gaming</msg>
<status status="PASS" starttime="20220914 19:02:46.261" endtime="20220914 19:02:46.292"/>
</kw>
<kw name="Scroll Element Into View" library="SeleniumLibrary">
<arg>xpath=//*[@class="_3XS_gI _7qr1OC"]/a[14]</arg>
<doc>Scrolls the element identified by ``locator`` into view.</doc>
<status status="PASS" starttime="20220914 19:02:46.292" endtime="20220914 19:02:46.587"/>
</kw>
<kw name="Log To Console" library="BuiltIn">
<arg>${list_names}</arg>
<doc>Logs the given message to the console.</doc>
<status status="PASS" starttime="20220914 19:02:46.587" endtime="20220914 19:02:46.587"/>
</kw>
<kw name="Exit For Loop If" library="BuiltIn">
<arg>"${list_names}" == "${tablet1}"</arg>
<doc>Stops executing the enclosing FOR loop if the ``condition`` is true.</doc>
<status status="PASS" starttime="20220914 19:02:46.587" endtime="20220914 19:02:46.587"/>
</kw>
<status status="PASS" starttime="20220914 19:02:46.261" endtime="20220914 19:02:46.587"/>
</iter>
<iter>
<var name="${i}">6</var>
<kw name="Get Text" library="SeleniumLibrary">
<var>${list_names}</var>
<arg>xpath=//*[@class="_3XS_gI _7qr1OC"]/a[${i}]</arg>
<doc>Returns the text value of the element identified by ``locator``.</doc>
<msg timestamp="20220914 19:02:46.631" level="INFO">${list_names} = Health &amp; Personal Care</msg>
<status status="PASS" starttime="20220914 19:02:46.587" endtime="20220914 19:02:46.631"/>
</kw>
<kw name="Scroll Element Into View" library="SeleniumLibrary">
<arg>xpath=//*[@class="_3XS_gI _7qr1OC"]/a[14]</arg>
<doc>Scrolls the element identified by ``locator`` into view.</doc>
<status status="PASS" starttime="20220914 19:02:46.631" endtime="20220914 19:02:46.919"/>
</kw>
<kw name="Log To Console" library="BuiltIn">
<arg>${list_names}</arg>
<doc>Logs the given message to the console.</doc>
<status status="PASS" starttime="20220914 19:02:46.919" endtime="20220914 19:02:46.919"/>
</kw>
<kw name="Exit For Loop If" library="BuiltIn">
<arg>"${list_names}" == "${tablet1}"</arg>
<doc>Stops executing the enclosing FOR loop if the ``condition`` is true.</doc>
<status status="PASS" starttime="20220914 19:02:46.919" endtime="20220914 19:02:46.919"/>
</kw>
<status status="PASS" starttime="20220914 19:02:46.587" endtime="20220914 19:02:46.919"/>
</iter>
<iter>
<var name="${i}">7</var>
<kw name="Get Text" library="SeleniumLibrary">
<var>${list_names}</var>
<arg>xpath=//*[@class="_3XS_gI _7qr1OC"]/a[${i}]</arg>
<doc>Returns the text value of the element identified by ``locator``.</doc>
<msg timestamp="20220914 19:02:46.954" level="INFO">${list_names} = Laptop Accessories</msg>
<status status="PASS" starttime="20220914 19:02:46.919" endtime="20220914 19:02:46.954"/>
</kw>
<kw name="Scroll Element Into View" library="SeleniumLibrary">
<arg>xpath=//*[@class="_3XS_gI _7qr1OC"]/a[14]</arg>
<doc>Scrolls the element identified by ``locator`` into view.</doc>
<status status="PASS" starttime="20220914 19:02:46.954" endtime="20220914 19:02:47.240"/>
</kw>
<kw name="Log To Console" library="BuiltIn">
<arg>${list_names}</arg>
<doc>Logs the given message to the console.</doc>
<status status="PASS" starttime="20220914 19:02:47.240" endtime="20220914 19:02:47.241"/>
</kw>
<kw name="Exit For Loop If" library="BuiltIn">
<arg>"${list_names}" == "${tablet1}"</arg>
<doc>Stops executing the enclosing FOR loop if the ``condition`` is true.</doc>
<status status="PASS" starttime="20220914 19:02:47.242" endtime="20220914 19:02:47.243"/>
</kw>
<status status="PASS" starttime="20220914 19:02:46.919" endtime="20220914 19:02:47.243"/>
</iter>
<iter>
<var name="${i}">8</var>
<kw name="Get Text" library="SeleniumLibrary">
<var>${list_names}</var>
<arg>xpath=//*[@class="_3XS_gI _7qr1OC"]/a[${i}]</arg>
<doc>Returns the text value of the element identified by ``locator``.</doc>
<msg timestamp="20220914 19:02:47.271" level="INFO">${list_names} = Laptop and Desktop</msg>
<status status="PASS" starttime="20220914 19:02:47.243" endtime="20220914 19:02:47.271"/>
</kw>
<kw name="Scroll Element Into View" library="SeleniumLibrary">
<arg>xpath=//*[@class="_3XS_gI _7qr1OC"]/a[14]</arg>
<doc>Scrolls the element identified by ``locator`` into view.</doc>
<status status="PASS" starttime="20220914 19:02:47.271" endtime="20220914 19:02:47.566"/>
</kw>
<kw name="Log To Console" library="BuiltIn">
<arg>${list_names}</arg>
<doc>Logs the given message to the console.</doc>
<status status="PASS" starttime="20220914 19:02:47.566" endtime="20220914 19:02:47.566"/>
</kw>
<kw name="Exit For Loop If" library="BuiltIn">
<arg>"${list_names}" == "${tablet1}"</arg>
<doc>Stops executing the enclosing FOR loop if the ``condition`` is true.</doc>
<status status="PASS" starttime="20220914 19:02:47.566" endtime="20220914 19:02:47.566"/>
</kw>
<status status="PASS" starttime="20220914 19:02:47.243" endtime="20220914 19:02:47.566"/>
</iter>
<iter>
<var name="${i}">9</var>
<kw name="Get Text" library="SeleniumLibrary">
<var>${list_names}</var>
<arg>xpath=//*[@class="_3XS_gI _7qr1OC"]/a[${i}]</arg>
<doc>Returns the text value of the element identified by ``locator``.</doc>
<msg timestamp="20220914 19:02:47.597" level="INFO">${list_names} = MobileAccessory</msg>
<status status="PASS" starttime="20220914 19:02:47.566" endtime="20220914 19:02:47.597"/>
</kw>
<kw name="Scroll Element Into View" library="SeleniumLibrary">
<arg>xpath=//*[@class="_3XS_gI _7qr1OC"]/a[14]</arg>
<doc>Scrolls the element identified by ``locator`` into view.</doc>
<status status="PASS" starttime="20220914 19:02:47.597" endtime="20220914 19:02:47.891"/>
</kw>
<kw name="Log To Console" library="BuiltIn">
<arg>${list_names}</arg>
<doc>Logs the given message to the console.</doc>
<status status="PASS" starttime="20220914 19:02:47.891" endtime="20220914 19:02:47.891"/>
</kw>
<kw name="Exit For Loop If" library="BuiltIn">
<arg>"${list_names}" == "${tablet1}"</arg>
<doc>Stops executing the enclosing FOR loop if the ``condition`` is true.</doc>
<status status="PASS" starttime="20220914 19:02:47.891" endtime="20220914 19:02:47.891"/>
</kw>
<status status="PASS" starttime="20220914 19:02:47.566" endtime="20220914 19:02:47.891"/>
</iter>
<iter>
<var name="${i}">10</var>
<kw name="Get Text" library="SeleniumLibrary">
<var>${list_names}</var>
<arg>xpath=//*[@class="_3XS_gI _7qr1OC"]/a[${i}]</arg>
<doc>Returns the text value of the element identified by ``locator``.</doc>
<msg timestamp="20220914 19:02:47.922" level="INFO">${list_names} = Powerbank</msg>
<status status="PASS" starttime="20220914 19:02:47.891" endtime="20220914 19:02:47.922"/>
</kw>
<kw name="Scroll Element Into View" library="SeleniumLibrary">
<arg>xpath=//*[@class="_3XS_gI _7qr1OC"]/a[14]</arg>
<doc>Scrolls the element identified by ``locator`` into view.</doc>
<status status="PASS" starttime="20220914 19:02:47.922" endtime="20220914 19:02:48.214"/>
</kw>
<kw name="Log To Console" library="BuiltIn">
<arg>${list_names}</arg>
<doc>Logs the given message to the console.</doc>
<status status="PASS" starttime="20220914 19:02:48.214" endtime="20220914 19:02:48.214"/>
</kw>
<kw name="Exit For Loop If" library="BuiltIn">
<arg>"${list_names}" == "${tablet1}"</arg>
<doc>Stops executing the enclosing FOR loop if the ``condition`` is true.</doc>
<status status="PASS" starttime="20220914 19:02:48.214" endtime="20220914 19:02:48.214"/>
</kw>
<status status="PASS" starttime="20220914 19:02:47.891" endtime="20220914 19:02:48.214"/>
</iter>
<iter>
<var name="${i}">11</var>
<kw name="Get Text" library="SeleniumLibrary">
<var>${list_names}</var>
<arg>xpath=//*[@class="_3XS_gI _7qr1OC"]/a[${i}]</arg>
<doc>Returns the text value of the element identified by ``locator``.</doc>
<msg timestamp="20220914 19:02:48.245" level="INFO">${list_names} = Smart Home automation</msg>
<status status="PASS" starttime="20220914 19:02:48.214" endtime="20220914 19:02:48.245"/>
</kw>
<kw name="Scroll Element Into View" library="SeleniumLibrary">
<arg>xpath=//*[@class="_3XS_gI _7qr1OC"]/a[14]</arg>
<doc>Scrolls the element identified by ``locator`` into view.</doc>
<status status="PASS" starttime="20220914 19:02:48.245" endtime="20220914 19:02:48.542"/>
</kw>
<kw name="Log To Console" library="BuiltIn">
<arg>${list_names}</arg>
<doc>Logs the given message to the console.</doc>
<status status="PASS" starttime="20220914 19:02:48.543" endtime="20220914 19:02:48.543"/>
</kw>
<kw name="Exit For Loop If" library="BuiltIn">
<arg>"${list_names}" == "${tablet1}"</arg>
<doc>Stops executing the enclosing FOR loop if the ``condition`` is true.</doc>
<status status="PASS" starttime="20220914 19:02:48.544" endtime="20220914 19:02:48.544"/>
</kw>
<status status="PASS" starttime="20220914 19:02:48.214" endtime="20220914 19:02:48.544"/>
</iter>
<iter>
<var name="${i}">12</var>
<kw name="Get Text" library="SeleniumLibrary">
<var>${list_names}</var>
<arg>xpath=//*[@class="_3XS_gI _7qr1OC"]/a[${i}]</arg>
<doc>Returns the text value of the element identified by ``locator``.</doc>
<msg timestamp="20220914 19:02:48.599" level="INFO">${list_names} = Smart Wearables</msg>
<status status="PASS" starttime="20220914 19:02:48.545" endtime="20220914 19:02:48.599"/>
</kw>
<kw name="Scroll Element Into View" library="SeleniumLibrary">
<arg>xpath=//*[@class="_3XS_gI _7qr1OC"]/a[14]</arg>
<doc>Scrolls the element identified by ``locator`` into view.</doc>
<status status="PASS" starttime="20220914 19:02:48.599" endtime="20220914 19:02:48.883"/>
</kw>
<kw name="Log To Console" library="BuiltIn">
<arg>${list_names}</arg>
<doc>Logs the given message to the console.</doc>
<status status="PASS" starttime="20220914 19:02:48.883" endtime="20220914 19:02:48.883"/>
</kw>
<kw name="Exit For Loop If" library="BuiltIn">
<arg>"${list_names}" == "${tablet1}"</arg>
<doc>Stops executing the enclosing FOR loop if the ``condition`` is true.</doc>
<status status="PASS" starttime="20220914 19:02:48.883" endtime="20220914 19:02:48.883"/>
</kw>
<status status="PASS" starttime="20220914 19:02:48.544" endtime="20220914 19:02:48.883"/>
</iter>
<iter>
<var name="${i}">13</var>
<kw name="Get Text" library="SeleniumLibrary">
<var>${list_names}</var>
<arg>xpath=//*[@class="_3XS_gI _7qr1OC"]/a[${i}]</arg>
<doc>Returns the text value of the element identified by ``locator``.</doc>
<msg timestamp="20220914 19:02:48.914" level="INFO">${list_names} = Storage</msg>
<status status="PASS" starttime="20220914 19:02:48.883" endtime="20220914 19:02:48.914"/>
</kw>
<kw name="Scroll Element Into View" library="SeleniumLibrary">
<arg>xpath=//*[@class="_3XS_gI _7qr1OC"]/a[14]</arg>
<doc>Scrolls the element identified by ``locator`` into view.</doc>
<status status="PASS" starttime="20220914 19:02:48.914" endtime="20220914 19:02:49.225"/>
</kw>
<kw name="Log To Console" library="BuiltIn">
<arg>${list_names}</arg>
<doc>Logs the given message to the console.</doc>
<status status="PASS" starttime="20220914 19:02:49.225" endtime="20220914 19:02:49.225"/>
</kw>
<kw name="Exit For Loop If" library="BuiltIn">
<arg>"${list_names}" == "${tablet1}"</arg>
<doc>Stops executing the enclosing FOR loop if the ``condition`` is true.</doc>
<status status="PASS" starttime="20220914 19:02:49.225" endtime="20220914 19:02:49.225"/>
</kw>
<status status="PASS" starttime="20220914 19:02:48.883" endtime="20220914 19:02:49.225"/>
</iter>
<status status="PASS" starttime="20220914 19:02:44.924" endtime="20220914 19:02:49.225"/>
</for>
<status status="PASS" starttime="20220914 19:02:44.900" endtime="20220914 19:02:49.225"/>
</kw>
<kw name=" I.e, Try scrolling and search for the mobile and go to that specific mobile’s details page" library="Keywords">
<kw name="Sleep" library="BuiltIn">
<arg>4s</arg>
<doc>Pauses the test executed for the given time.</doc>
<msg timestamp="20220914 19:02:53.236" level="INFO">Slept 4 seconds</msg>
<status status="PASS" starttime="20220914 19:02:49.225" endtime="20220914 19:02:53.236"/>
</kw>
<kw name="Mouse Over" library="SeleniumLibrary">
<arg>xpath=//*[@class="_3XS_gI _7qr1OC"]/a[14]</arg>
<doc>Simulates hovering the mouse over the element ``locator``.</doc>
<msg timestamp="20220914 19:02:53.236" level="INFO">Simulating Mouse Over on element 'xpath=//*[@class="_3XS_gI _7qr1OC"]/a[14]'.</msg>
<status status="PASS" starttime="20220914 19:02:53.236" endtime="20220914 19:02:53.519"/>
</kw>
<kw name="Get Text" library="SeleniumLibrary">
<var>${Click Element}</var>
<arg>${all-sub-options}</arg>
<doc>Returns the text value of the element identified by ``locator``.</doc>
<msg timestamp="20220914 19:02:53.562" level="INFO">${Click Element} = Tablets Without Call Facility</msg>
<status status="PASS" starttime="20220914 19:02:53.519" endtime="20220914 19:02:53.562"/>
</kw>
<kw name="Log To Console" library="BuiltIn">
<arg>${Click Element}</arg>
<doc>Logs the given message to the console.</doc>
<status status="PASS" starttime="20220914 19:02:53.562" endtime="20220914 19:02:53.563"/>
</kw>
<kw name="Click Element" library="SeleniumLibrary">
<arg>${all-sub-options}</arg>
<doc>Click the element identified by ``locator``.</doc>
<msg timestamp="20220914 19:02:53.564" level="INFO">Clicking element 'xpath=//*[@class="_3XS_gI"]/a[3]'.</msg>
<status status="PASS" starttime="20220914 19:02:53.563" endtime="20220914 19:02:53.667"/>
</kw>
<kw name="Click Element" library="SeleniumLibrary">
<arg>${search_bar_dummy}</arg>
<doc>Click the element identified by ``locator``.</doc>
<msg timestamp="20220914 19:02:53.669" level="INFO">Clicking element 'xpath=//*[@class="L0Z3Pu"]'.</msg>
<status status="PASS" starttime="20220914 19:02:53.668" endtime="20220914 19:02:53.757"/>
</kw>
<kw name="Sleep" library="BuiltIn">
<arg>4s</arg>
<doc>Pauses the test executed for the given time.</doc>
<msg timestamp="20220914 19:02:57.772" level="INFO">Slept 4 seconds</msg>
<status status="PASS" starttime="20220914 19:02:53.757" endtime="20220914 19:02:57.772"/>
</kw>
<kw name="Execute Javascript" library="SeleniumLibrary">
<arg>window.scrollBy(0,1850)</arg>
<doc>Executes the given JavaScript code with possible arguments.</doc>
<msg timestamp="20220914 19:02:57.774" level="INFO">Executing JavaScript:
window.scrollBy(0,1850)
Without any arguments.</msg>
<status status="PASS" starttime="20220914 19:02:57.772" endtime="20220914 19:02:57.789"/>
</kw>
<kw name="Sleep" library="BuiltIn">
<arg>4s</arg>
<doc>Pauses the test executed for the given time.</doc>
<msg timestamp="20220914 19:03:01.791" level="INFO">Slept 4 seconds</msg>
<status status="PASS" starttime="20220914 19:02:57.789" endtime="20220914 19:03:01.791"/>
</kw>
<kw name="Click Element" library="SeleniumLibrary">
<arg>${lap}</arg>
<doc>Click the element identified by ``locator``.</doc>
<msg timestamp="20220914 19:03:01.792" level="INFO">Clicking element 'xpath=//*[@id="container"]/div/div[3]/div[1]/div[2]/div[6]/div/div/div/a/div[2]/div[1]'.</msg>
<status status="PASS" starttime="20220914 19:03:01.791" endtime="20220914 19:03:01.942"/>
</kw>
<kw name="Sleep" library="BuiltIn">
<arg>4s</arg>
<doc>Pauses the test executed for the given time.</doc>
<msg timestamp="20220914 19:03:05.951" level="INFO">Slept 4 seconds</msg>
<status status="PASS" starttime="20220914 19:03:01.943" endtime="20220914 19:03:05.951"/>
</kw>
<kw name="Get Window Handles" library="SeleniumLibrary">
<var>${handles}</var>
<doc>Returns all child window handles of the selected browser as a list.</doc>
<msg timestamp="20220914 19:03:05.955" level="INFO">${handles} = ['CDwindow-CBB715F0CEB1AEC721A09925518A8288', 'CDwindow-F2F46466EDD28BD4AE6EB4B8665CF7E2']</msg>
<status status="PASS" starttime="20220914 19:03:05.951" endtime="20220914 19:03:05.955"/>
</kw>
<kw name="Switch Window" library="SeleniumLibrary">
<arg>${handles}[0]</arg>
<doc>Switches to browser window matching ``locator``.</doc>
<status status="PASS" starttime="20220914 19:03:05.956" endtime="20220914 19:03:05.996"/>
</kw>
<kw name="Get Title" library="SeleniumLibrary">
<var>${title}</var>
<doc>Returns the title of the current page.</doc>
<msg timestamp="20220914 19:03:06.025" level="INFO">${title} = Tablets Without Call Facility - Buy Tablets Without Call Facility Online at Best Prices In India | Flipkart.com</msg>
<status status="PASS" starttime="20220914 19:03:05.997" endtime="20220914 19:03:06.025"/>
</kw>
<kw name="Log To Console" library="BuiltIn">
<arg>${title}</arg>
<doc>Logs the given message to the console.</doc>
<status status="PASS" starttime="20220914 19:03:06.026" endtime="20220914 19:03:06.027"/>
</kw>
<kw name="Sleep" library="BuiltIn">
<arg>4s</arg>
<doc>Pauses the test executed for the given time.</doc>
<msg timestamp="20220914 19:03:10.033" level="INFO">Slept 4 seconds</msg>
<status status="PASS" starttime="20220914 19:03:06.027" endtime="20220914 19:03:10.033"/>
</kw>
<kw name="Click Element" library="SeleniumLibrary">
<arg>xpath=//*[@id="container"]/div/div[3]/div[1]/div[2]/div[6]/div/div/div/a/div[2]/div[1]</arg>
<doc>Click the element identified by ``locator``.</doc>
<msg timestamp="20220914 19:03:10.033" level="INFO">Clicking element 'xpath=//*[@id="container"]/div/div[3]/div[1]/div[2]/div[6]/div/div/div/a/div[2]/div[1]'.</msg>
<status status="PASS" starttime="20220914 19:03:10.033" endtime="20220914 19:03:10.141"/>
</kw>
<kw name="Sleep" library="BuiltIn">
<arg>4s</arg>
<doc>Pauses the test executed for the given time.</doc>
<msg timestamp="20220914 19:03:14.143" level="INFO">Slept 4 seconds</msg>
<status status="PASS" starttime="20220914 19:03:10.142" endtime="20220914 19:03:14.143"/>
</kw>
<kw name="Execute Javascript" library="SeleniumLibrary">
<arg>window.scrollBy(0,200)</arg>
<doc>Executes the given JavaScript code with possible arguments.</doc>
<msg timestamp="20220914 19:03:14.143" level="INFO">Executing JavaScript:
window.scrollBy(0,200)
Without any arguments.</msg>
<status status="PASS" starttime="20220914 19:03:14.143" endtime="20220914 19:03:14.143"/>
</kw>
<kw name="Switch Window" library="SeleniumLibrary">
<arg>${handles}[0]</arg>
<doc>Switches to browser window matching ``locator``.</doc>
<status status="PASS" starttime="20220914 19:03:14.143" endtime="20220914 19:03:14.181"/>
</kw>
<kw name="Execute Javascript" library="SeleniumLibrary">
<arg>window.scrollBy(0,200)</arg>
<doc>Executes the given JavaScript code with possible arguments.</doc>
<msg timestamp="20220914 19:03:14.183" level="INFO">Executing JavaScript:
window.scrollBy(0,200)
Without any arguments.</msg>
<status status="PASS" starttime="20220914 19:03:14.182" endtime="20220914 19:03:14.238"/>
</kw>
<kw name="Switch Window" library="SeleniumLibrary">
<arg>${handles}[1]</arg>
<doc>Switches to browser window matching ``locator``.</doc>
<status status="PASS" starttime="20220914 19:03:14.238" endtime="20220914 19:03:14.310"/>
</kw>
<status status="PASS" starttime="20220914 19:02:49.225" endtime="20220914 19:03:14.311"/>
</kw>
<kw name="Click on ADD TO CART button" library="Keywords">
<kw name="Click Element" library="SeleniumLibrary">
<arg>${addtocart}</arg>
<doc>Click the element identified by ``locator``.</doc>
<msg timestamp="20220914 19:03:14.334" level="INFO">Clicking element 'xpath=//*[@id="container"]/div/div[3]/div[1]/div[1]/div[2]/div/ul/li[1]'.</msg>
<status status="PASS" starttime="20220914 19:03:14.334" endtime="20220914 19:03:14.499"/>
</kw>
<kw name="Get Window Handles" library="SeleniumLibrary">
<var>${handles}</var>
<doc>Returns all child window handles of the selected browser as a list.</doc>
<msg timestamp="20220914 19:03:14.503" level="INFO">${handles} = ['CDwindow-CBB715F0CEB1AEC721A09925518A8288', 'CDwindow-F2F46466EDD28BD4AE6EB4B8665CF7E2', 'CDwindow-218E8B3542B7A03282B1F8AB54BD1132']</msg>
<status status="PASS" starttime="20220914 19:03:14.499" endtime="20220914 19:03:14.503"/>
</kw>
<kw name="Switch Window" library="SeleniumLibrary">
<arg>${handles}[-1]</arg>
<doc>Switches to browser window matching ``locator``.</doc>
<status status="PASS" starttime="20220914 19:03:14.503" endtime="20220914 19:03:14.722"/>
</kw>
<kw name="Click Element" library="SeleniumLibrary">
<arg>${addtocart}</arg>
<doc>Click the element identified by ``locator``.</doc>
<msg timestamp="20220914 19:03:14.723" level="INFO">Clicking element 'xpath=//*[@id="container"]/div/div[3]/div[1]/div[1]/div[2]/div/ul/li[1]'.</msg>
<status status="PASS" starttime="20220914 19:03:14.723" endtime="20220914 19:03:14.874"/>
</kw>
<status status="PASS" starttime="20220914 19:03:14.333" endtime="20220914 19:03:14.874"/>
</kw>
<kw name=" Closing the browser" library="Keywords">
<kw name="Close Browser" library="SeleniumLibrary">
<doc>Closes the current browser.</doc>
<status status="PASS" starttime="20220914 19:03:14.876" endtime="20220914 19:03:18.778"/>
</kw>
<status status="PASS" starttime="20220914 19:03:14.875" endtime="20220914 19:03:18.778"/>
</kw>
<status status="PASS" starttime="20220914 19:01:35.691" endtime="20220914 19:03:18.779"/>
</test>
<status status="PASS" starttime="20220914 19:01:35.044" endtime="20220914 19:03:18.782"/>
</suite>
<statistics>
<total>
<stat pass="1" fail="0" skip="0">All Tests</stat>
</total>
<tag>
</tag>
<suite>
<stat pass="1" fail="0" skip="0" id="s1" name="Flipkart1">Flipkart1</stat>
</suite>
</statistics>
<errors>
</errors>
</robot>
